<?xml version="1.0" encoding="UTF-8"?>
<!-- Generated by org.testng.reporters.JUnitXMLReporter -->
<testsuite hostname="DESKTOP-UU6ILCO" name="Default test" tests="13" failures="0" timestamp="3 Jul 2018 10:47:14 GMT" time="67.934" errors="0">
  <testcase name="OpenURL" time="2.018" classname="MavenTest.NewTest"/>
  <testcase name="LoginWithInvalidData" time="2.647" classname="MavenTest.NewTest"/>
  <testcase name="LoginWithValidData" time="4.595" classname="MavenTest.NewTest"/>
  <testcase name="OpenCategory" time="5.217" classname="MavenTest.NewTest"/>
  <testcase name="AddProductInCart" time="3.808" classname="MavenTest.NewTest"/>
  <testcase name="RemoveProductFromCart" time="2.668" classname="MavenTest.NewTest"/>
  <testcase name="AddProductToWishlist" time="4.759" classname="MavenTest.NewTest"/>
  <testcase name="RemoveFromWishlist" time="0.101" classname="MavenTest.NewTest"/>
  <testcase name="AddToCompare" time="8.353" classname="MavenTest.NewTest"/>
  <testcase name="CheckCompare" time="21.485" classname="MavenTest.NewTest"/>
  <testcase name="CheckMyAccount" time="3.538" classname="MavenTest.NewTest"/>
  <testcase name="RemoveFromCompare" time="0.145" classname="MavenTest.NewTest"/>
  <testcase name="LogOut" time="3.533" classname="MavenTest.NewTest"/>
</testsuite> <!-- Default test -->
