<?xml version="1.0" encoding="UTF-8"?>
<!-- Generated by org.testng.reporters.JUnitXMLReporter -->
<testsuite hostname="DESKTOP-UU6ILCO" name="Test" tests="13" failures="0" timestamp="2 Jul 2018 04:46:59 GMT" time="59.475" errors="0">
  <testcase name="OpenURL" time="3.238" classname="MavenTest.NewTest"/>
  <testcase name="LoginWithInvalidData" time="2.314" classname="MavenTest.NewTest"/>
  <testcase name="LoginWithValidData" time="2.981" classname="MavenTest.NewTest"/>
  <testcase name="OpenCategory" time="1.423" classname="MavenTest.NewTest"/>
  <testcase name="AddProductInCart" time="3.121" classname="MavenTest.NewTest"/>
  <testcase name="RemoveProductFromCart" time="2.157" classname="MavenTest.NewTest"/>
  <testcase name="AddProductToWishlist" time="3.45" classname="MavenTest.NewTest"/>
  <testcase name="RemoveFromWishlist" time="0.1" classname="MavenTest.NewTest"/>
  <testcase name="AddToCompare" time="7.158" classname="MavenTest.NewTest"/>
  <testcase name="CheckCompare" time="21.334" classname="MavenTest.NewTest"/>
  <testcase name="CheckMyAccount" time="3.281" classname="MavenTest.NewTest"/>
  <testcase name="RemoveFromCompare" time="0.117" classname="MavenTest.NewTest"/>
  <testcase name="LogOut" time="3.357" classname="MavenTest.NewTest"/>
</testsuite> <!-- Test -->
