<?xml version="1.0" encoding="UTF-8"?>
<testng-results skipped="0" failed="0" total="13" passed="13">
  <reporter-output>
  </reporter-output>
  <suite name="Default suite" duration-ms="67934" started-at="2018-07-03T10:46:06Z" finished-at="2018-07-03T10:47:14Z">
    <groups>
    </groups>
    <test name="Default test" duration-ms="67934" started-at="2018-07-03T10:46:06Z" finished-at="2018-07-03T10:47:14Z">
      <class name="MavenTest.NewTest">
        <test-method status="PASS" signature="beforeTest()[pri:0, instance:MavenTest.NewTest@57baeedf]" name="beforeTest" is-config="true" duration-ms="4214" started-at="2018-07-03T16:16:06Z" finished-at="2018-07-03T16:16:10Z">
          <reporter-output>
          </reporter-output>
        </test-method> <!-- beforeTest -->
        <test-method status="PASS" signature="OpenURL()[pri:1, instance:MavenTest.NewTest@57baeedf]" name="OpenURL" duration-ms="2018" started-at="2018-07-03T16:16:10Z" finished-at="2018-07-03T16:16:12Z">
          <reporter-output>
          </reporter-output>
        </test-method> <!-- OpenURL -->
        <test-method status="PASS" signature="LoginWithInvalidData()[pri:2, instance:MavenTest.NewTest@57baeedf]" name="LoginWithInvalidData" duration-ms="2647" started-at="2018-07-03T16:16:12Z" finished-at="2018-07-03T16:16:15Z">
          <reporter-output>
          </reporter-output>
        </test-method> <!-- LoginWithInvalidData -->
        <test-method status="PASS" signature="LoginWithValidData()[pri:3, instance:MavenTest.NewTest@57baeedf]" name="LoginWithValidData" duration-ms="4595" started-at="2018-07-03T16:16:15Z" finished-at="2018-07-03T16:16:20Z">
          <reporter-output>
          </reporter-output>
        </test-method> <!-- LoginWithValidData -->
        <test-method status="PASS" signature="OpenCategory()[pri:4, instance:MavenTest.NewTest@57baeedf]" name="OpenCategory" duration-ms="5217" started-at="2018-07-03T16:16:20Z" finished-at="2018-07-03T16:16:25Z">
          <reporter-output>
          </reporter-output>
        </test-method> <!-- OpenCategory -->
        <test-method status="PASS" signature="AddProductInCart()[pri:5, instance:MavenTest.NewTest@57baeedf]" name="AddProductInCart" duration-ms="3808" started-at="2018-07-03T16:16:25Z" finished-at="2018-07-03T16:16:29Z">
          <reporter-output>
          </reporter-output>
        </test-method> <!-- AddProductInCart -->
        <test-method status="PASS" signature="RemoveProductFromCart()[pri:6, instance:MavenTest.NewTest@57baeedf]" name="RemoveProductFromCart" duration-ms="2668" started-at="2018-07-03T16:16:29Z" finished-at="2018-07-03T16:16:31Z">
          <reporter-output>
          </reporter-output>
        </test-method> <!-- RemoveProductFromCart -->
        <test-method status="PASS" signature="AddProductToWishlist()[pri:7, instance:MavenTest.NewTest@57baeedf]" name="AddProductToWishlist" duration-ms="4759" started-at="2018-07-03T16:16:31Z" finished-at="2018-07-03T16:16:36Z">
          <reporter-output>
          </reporter-output>
        </test-method> <!-- AddProductToWishlist -->
        <test-method status="PASS" signature="RemoveFromWishlist()[pri:8, instance:MavenTest.NewTest@57baeedf]" name="RemoveFromWishlist" duration-ms="101" started-at="2018-07-03T16:16:36Z" finished-at="2018-07-03T16:16:36Z">
          <reporter-output>
          </reporter-output>
        </test-method> <!-- RemoveFromWishlist -->
        <test-method status="PASS" signature="AddToCompare()[pri:9, instance:MavenTest.NewTest@57baeedf]" name="AddToCompare" duration-ms="8353" started-at="2018-07-03T16:16:36Z" finished-at="2018-07-03T16:16:45Z">
          <reporter-output>
          </reporter-output>
        </test-method> <!-- AddToCompare -->
        <test-method status="PASS" signature="CheckCompare()[pri:10, instance:MavenTest.NewTest@57baeedf]" name="CheckCompare" duration-ms="21485" started-at="2018-07-03T16:16:45Z" finished-at="2018-07-03T16:17:06Z">
          <reporter-output>
          </reporter-output>
        </test-method> <!-- CheckCompare -->
        <test-method status="PASS" signature="CheckMyAccount()[pri:11, instance:MavenTest.NewTest@57baeedf]" name="CheckMyAccount" duration-ms="3538" started-at="2018-07-03T16:17:06Z" finished-at="2018-07-03T16:17:10Z">
          <reporter-output>
          </reporter-output>
        </test-method> <!-- CheckMyAccount -->
        <test-method status="PASS" signature="RemoveFromCompare()[pri:12, instance:MavenTest.NewTest@57baeedf]" name="RemoveFromCompare" duration-ms="145" started-at="2018-07-03T16:17:10Z" finished-at="2018-07-03T16:17:10Z">
          <reporter-output>
          </reporter-output>
        </test-method> <!-- RemoveFromCompare -->
        <test-method status="PASS" signature="LogOut()[pri:13, instance:MavenTest.NewTest@57baeedf]" name="LogOut" duration-ms="3533" started-at="2018-07-03T16:17:10Z" finished-at="2018-07-03T16:17:13Z">
          <reporter-output>
          </reporter-output>
        </test-method> <!-- LogOut -->
        <test-method status="PASS" signature="afterTest()[pri:0, instance:MavenTest.NewTest@57baeedf]" name="afterTest" is-config="true" duration-ms="819" started-at="2018-07-03T16:17:13Z" finished-at="2018-07-03T16:17:14Z">
          <reporter-output>
          </reporter-output>
        </test-method> <!-- afterTest -->
      </class> <!-- MavenTest.NewTest -->
    </test> <!-- Default test -->
  </suite> <!-- Default suite -->
</testng-results>
